<?xml version="1.0" encoding="UTF-8"?>
<testsuite xmlns:xsi="http://www.w3.org/2001/XMLSchema-instance" xsi:noNamespaceSchemaLocation="https://maven.apache.org/surefire/maven-surefire-plugin/xsd/surefire-test-report.xsd" version="3.0.2" name="com.Aplicacion.salud.SaludApplicationTests" time="5.998" tests="1" errors="0" skipped="0" failures="0">
  <properties>
[...]
</properties>
  <testcase name="contextLoads" classname="com.Aplicacion.salud.SaludApplicationTests" time="0.906">
    <system-out><![CDATA[11:10:34.446 [main] INFO org.springframework.test.context.support.AnnotationConfigContextLoaderUtils -- Could not detect default configuration classes for test class [com.Aplicacion.salud.SaludApplicationTests]: SaludApplicationTests does not declare any static, non-private, non-final, nested classes annotated with @Configuration.
11:10:34.607 [main] INFO org.springframework.boot.test.context.SpringBootTestContextBootstrapper -- Found @SpringBootConfiguration com.Aplicacion.salud.SaludApplication for test class com.Aplicacion.salud.SaludApplicationTests
11:10:34.890 [main] INFO org.springframework.boot.devtools.restart.RestartApplicationListener -- Restart disabled due to context in which it is running

  .   ____          _            __ _ _
 /\\ / ___'_ __ _ _(_)_ __  __ _ \ \ \ \
( ( )\___ | '_ | '_| | '_ \/ _` | \ \ \ \
 \\/  ___)| |_)| | | | | || (_| |  ) ) ) )
  '  |____| .__|_| |_|_| |_\__, | / / / /
 =========|_|==============|___/=/_/_/_/

 :: Spring Boot ::                (v3.4.2)

2025-02-09T11:10:35.251+01:00  INFO 15460 --- [salud] [           main] c.A.salud.SaludApplicationTests          : Starting SaludApplicationTests using Java 21 with PID 15460 (started by 34638 in C:\Users\34638\Documents\Grado Ingeniería Informática -  UAX\4º\Asignaturas\2C\TFG\salud)
2025-02-09T11:10:35.253+01:00  INFO 15460 --- [salud] [           main] c.A.salud.SaludApplicationTests          : No active profile set, falling back to 1 default profile: "default"
2025-02-09T11:10:36.245+01:00  INFO 15460 --- [salud] [           main] .s.d.r.c.RepositoryConfigurationDelegate : Bootstrapping Spring Data MongoDB repositories in DEFAULT mode.
2025-02-09T11:10:36.327+01:00  INFO 15460 --- [salud] [           main] .s.d.r.c.RepositoryConfigurationDelegate : Finished Spring Data repository scanning in 71 ms. Found 1 MongoDB repository interface.
2025-02-09T11:10:37.049+01:00  INFO 15460 --- [salud] [t3g.mongodb.net] org.mongodb.driver.cluster               : Adding discovered server clusterapphealth-shard-00-01.txt3g.mongodb.net:27017 to client view of cluster
2025-02-09T11:10:37.049+01:00  INFO 15460 --- [salud] [           main] org.mongodb.driver.client                : MongoClient with metadata {"driver": {"name": "mongo-java-driver|sync|spring-boot", "version": "5.2.1"}, "os": {"type": "Windows", "name": "Windows 11", "architecture": "amd64", "version": "10.0"}, "platform": "Java/Oracle Corporation/21+35-LTS-2513"} created with settings MongoClientSettings{readPreference=primary, writeConcern=WriteConcern{w=null, wTimeout=null ms, journal=null}, retryWrites=true, retryReads=true, readConcern=ReadConcern{level=null}, credential=MongoCredential{mechanism=null, userName='alejandro', source='admin', password=<hidden>, mechanismProperties=<hidden>}, transportSettings=null, commandListeners=[], codecRegistry=ProvidersCodecRegistry{codecProviders=[ValueCodecProvider{}, BsonValueCodecProvider{}, DBRefCodecProvider{}, DBObjectCodecProvider{}, DocumentCodecProvider{}, CollectionCodecProvider{}, IterableCodecProvider{}, MapCodecProvider{}, GeoJsonCodecProvider{}, GridFSFileCodecProvider{}, Jsr310CodecProvider{}, JsonObjectCodecProvider{}, BsonCodecProvider{}, EnumCodecProvider{}, com.mongodb.client.model.mql.ExpressionCodecProvider@78307a56, com.mongodb.Jep395RecordCodecProvider@40d52be7, com.mongodb.KotlinCodecProvider@23ad71bf]}, loggerSettings=LoggerSettings{maxDocumentLength=1000}, clusterSettings={hosts=[127.0.0.1:27017], srvHost=clusterapphealth.txt3g.mongodb.net, srvServiceName=mongodb, mode=MULTIPLE, requiredClusterType=REPLICA_SET, requiredReplicaSetName='atlas-wyynle-shard-0', serverSelector='null', clusterListeners='[]', serverSelectionTimeout='30000 ms', localThreshold='15 ms'}, socketSettings=SocketSettings{connectTimeoutMS=10000, readTimeoutMS=0, receiveBufferSize=0, proxySettings=ProxySettings{host=null, port=null, username=null, password=null}}, heartbeatSocketSettings=SocketSettings{connectTimeoutMS=10000, readTimeoutMS=10000, receiveBufferSize=0, proxySettings=ProxySettings{host=null, port=null, username=null, password=null}}, connectionPoolSettings=ConnectionPoolSettings{maxSize=100, minSize=0, maxWaitTimeMS=120000, maxConnectionLifeTimeMS=0, maxConnectionIdleTimeMS=0, maintenanceInitialDelayMS=0, maintenanceFrequencyMS=60000, connectionPoolListeners=[], maxConnecting=2}, serverSettings=ServerSettings{heartbeatFrequencyMS=10000, minHeartbeatFrequencyMS=500, serverMonitoringMode=AUTO, serverListeners='[]', serverMonitorListeners='[]'}, sslSettings=SslSettings{enabled=true, invalidHostNameAllowed=false, context=null}, applicationName='null', compressorList=[], uuidRepresentation=JAVA_LEGACY, serverApi=null, autoEncryptionSettings=null, dnsClient=null, inetAddressResolver=null, contextProvider=null, timeoutMS=null}
2025-02-09T11:10:37.087+01:00  INFO 15460 --- [salud] [t3g.mongodb.net] org.mongodb.driver.cluster               : Adding discovered server clusterapphealth-shard-00-00.txt3g.mongodb.net:27017 to client view of cluster
2025-02-09T11:10:37.091+01:00  INFO 15460 --- [salud] [t3g.mongodb.net] org.mongodb.driver.cluster               : Adding discovered server clusterapphealth-shard-00-02.txt3g.mongodb.net:27017 to client view of cluster
2025-02-09T11:10:37.909+01:00  INFO 15460 --- [salud] [ngodb.net:27017] org.mongodb.driver.cluster               : Monitor thread successfully connected to server with description ServerDescription{address=clusterapphealth-shard-00-01.txt3g.mongodb.net:27017, type=REPLICA_SET_PRIMARY, cryptd=false, state=CONNECTED, ok=true, minWireVersion=0, maxWireVersion=25, maxDocumentSize=16777216, logicalSessionTimeoutMinutes=30, roundTripTimeNanos=442297199, minRoundTripTimeNanos=0, setName='atlas-wyynle-shard-0', canonicalAddress=clusterapphealth-shard-00-01.txt3g.mongodb.net:27017, hosts=[clusterapphealth-shard-00-00.txt3g.mongodb.net:27017, clusterapphealth-shard-00-01.txt3g.mongodb.net:27017, clusterapphealth-shard-00-02.txt3g.mongodb.net:27017], passives=[], arbiters=[], primary='clusterapphealth-shard-00-01.txt3g.mongodb.net:27017', tagSet=TagSet{[Tag{name='availabilityZone', value='euw3-az2'}, Tag{name='diskState', value='READY'}, Tag{name='nodeType', value='ELECTABLE'}, Tag{name='provider', value='AWS'}, Tag{name='region', value='EU_WEST_3'}, Tag{name='workloadType', value='OPERATIONAL'}]}, electionId=7fffffff0000000000000003, setVersion=1, topologyVersion=TopologyVersion{processId=679e3c771ba4e41de7c87be4, counter=6}, lastWriteDate=Sun Feb 09 11:10:34 CET 2025, lastUpdateTimeNanos=2089742480200}
2025-02-09T11:10:37.909+01:00  INFO 15460 --- [salud] [ngodb.net:27017] org.mongodb.driver.cluster               : Monitor thread successfully connected to server with description ServerDescription{address=clusterapphealth-shard-00-02.txt3g.mongodb.net:27017, type=REPLICA_SET_SECONDARY, cryptd=false, state=CONNECTED, ok=true, minWireVersion=0, maxWireVersion=25, maxDocumentSize=16777216, logicalSessionTimeoutMinutes=30, roundTripTimeNanos=442251600, minRoundTripTimeNanos=0, setName='atlas-wyynle-shard-0', canonicalAddress=clusterapphealth-shard-00-02.txt3g.mongodb.net:27017, hosts=[clusterapphealth-shard-00-00.txt3g.mongodb.net:27017, clusterapphealth-shard-00-01.txt3g.mongodb.net:27017, clusterapphealth-shard-00-02.txt3g.mongodb.net:27017], passives=[], arbiters=[], primary='clusterapphealth-shard-00-01.txt3g.mongodb.net:27017', tagSet=TagSet{[Tag{name='availabilityZone', value='euw3-az3'}, Tag{name='diskState', value='READY'}, Tag{name='nodeType', value='ELECTABLE'}, Tag{name='provider', value='AWS'}, Tag{name='region', value='EU_WEST_3'}, Tag{name='workloadType', value='OPERATIONAL'}]}, electionId=null, setVersion=1, topologyVersion=TopologyVersion{processId=679e3f3dd875c0de7f679f70, counter=3}, lastWriteDate=Sun Feb 09 11:10:34 CET 2025, lastUpdateTimeNanos=2089742442000}
2025-02-09T11:10:37.911+01:00  INFO 15460 --- [salud] [ngodb.net:27017] org.mongodb.driver.cluster               : Monitor thread successfully connected to server with description ServerDescription{address=clusterapphealth-shard-00-00.txt3g.mongodb.net:27017, type=REPLICA_SET_SECONDARY, cryptd=false, state=CONNECTED, ok=true, minWireVersion=0, maxWireVersion=25, maxDocumentSize=16777216, logicalSessionTimeoutMinutes=30, roundTripTimeNanos=442281599, minRoundTripTimeNanos=0, setName='atlas-wyynle-shard-0', canonicalAddress=clusterapphealth-shard-00-00.txt3g.mongodb.net:27017, hosts=[clusterapphealth-shard-00-00.txt3g.mongodb.net:27017, clusterapphealth-shard-00-01.txt3g.mongodb.net:27017, clusterapphealth-shard-00-02.txt3g.mongodb.net:27017], passives=[], arbiters=[], primary='clusterapphealth-shard-00-01.txt3g.mongodb.net:27017', tagSet=TagSet{[Tag{name='availabilityZone', value='euw3-az1'}, Tag{name='diskState', value='READY'}, Tag{name='nodeType', value='ELECTABLE'}, Tag{name='provider', value='AWS'}, Tag{name='region', value='EU_WEST_3'}, Tag{name='workloadType', value='OPERATIONAL'}]}, electionId=null, setVersion=1, topologyVersion=TopologyVersion{processId=679e39c31b5ad39170c8f7dc, counter=4}, lastWriteDate=Sun Feb 09 11:10:34 CET 2025, lastUpdateTimeNanos=2089742465500}
2025-02-09T11:10:37.919+01:00  INFO 15460 --- [salud] [ngodb.net:27017] org.mongodb.driver.cluster               : Discovered replica set primary clusterapphealth-shard-00-01.txt3g.mongodb.net:27017 with max election id 7fffffff0000000000000003 and max set version 1
2025-02-09T11:10:37.952+01:00  INFO 15460 --- [salud] [           main] r$InitializeUserDetailsManagerConfigurer : Global AuthenticationManager configured with UserDetailsService bean with name customUserDetailsService
2025-02-09T11:10:39.265+01:00  INFO 15460 --- [salud] [           main] c.A.salud.SaludApplicationTests          : Started SaludApplicationTests in 4.393 seconds (process running for 5.815)
]]></system-out>
    <system-err><![CDATA[Mockito is currently self-attaching to enable the inline-mock-maker. This will no longer work in future releases of the JDK. Please add Mockito as an agent to your build what is described in Mockito's documentation: https://javadoc.io/doc/org.mockito/mockito-core/latest/org/mockito/Mockito.html#0.3
WARNING: A Java agent has been loaded dynamically (C:\Users\34638\.m2\repository\net\bytebuddy\byte-buddy-agent\1.15.11\byte-buddy-agent-1.15.11.jar)
WARNING: If a serviceability tool is in use, please run with -XX:+EnableDynamicAgentLoading to hide this warning
WARNING: If a serviceability tool is not in use, please run with -Djdk.instrument.traceUsage for more information
WARNING: Dynamic loading of agents will be disallowed by default in a future release
]]></system-err>
  </testcase>
</testsuite>